<?xml version="1.0" encoding="UTF-8"?>
<!-- Generated by org.testng.reporters.JUnitReportReporter -->
<testsuite hostname="DESKTOP-J61BDUF" failures="0" tests="5" name="com.nexsoft.cicool.TestLoginAuth" time="30.425" errors="0" timestamp="2022-06-15T20:06:43 WIB" skipped="0">
  <testcase classname="com.nexsoft.cicool.TestLoginAuth" name="testLogInValid" time="4.337"/>
  <system-out/>
  <testcase classname="com.nexsoft.cicool.TestLoginAuth" name="testLogInEmailValidPasswordInvalid" time="8.698"/>
  <system-out/>
  <testcase classname="com.nexsoft.cicool.TestLoginAuth" name="testLogInEmailPasswordInvalid" time="10.249"/>
  <system-out/>
  <testcase classname="com.nexsoft.cicool.TestLoginAuth" name="testLogInEmailPasswordBlank" time="3.634"/>
  <system-out/>
  <testcase classname="com.nexsoft.cicool.TestLoginAuth" name="testForgetPassword" time="3.507"/>
  <system-out/>
</testsuite> <!-- com.nexsoft.cicool.TestLoginAuth -->
